<?xml version="1.0" encoding="UTF-8"?>
<!-- Generated by org.testng.reporters.JUnitXMLReporter -->
<testsuite ignored="4" hostname="DESKTOP-O9ONIV6" failures="0" tests="3" name="Test" time="82.871" errors="0" timestamp="2021-12-27T16:20:52 IST">
  <testcase classname="practice.CreateOrgTestNg" name="CreateOrgTest" time="15.813"/>
  <testcase classname="practice.CreateContactTestng" name="CreateContactTestng1" time="13.77"/>
  <testcase classname="practice.CreateOrgWithContTestng" name="CreateOrgWithContTestng1" time="22.984"/>
  <testcase classname="com.crm.Autodesk.genericutility.BaseClass" name="@AfterSuite CloseDbConnection" time="0.0">
    <ignored/>
  </testcase> <!-- @AfterSuite CloseDbConnection -->
  <testcase classname="com.crm.Autodesk.genericutility.BaseClass" name="@AfterSuite CloseDbConnection" time="0.0">
    <ignored/>
  </testcase> <!-- @AfterSuite CloseDbConnection -->
  <testcase classname="com.crm.Autodesk.genericutility.BaseClass" name="@BeforeSuite DbConnection" time="0.0">
    <ignored/>
  </testcase> <!-- @BeforeSuite DbConnection -->
  <testcase classname="com.crm.Autodesk.genericutility.BaseClass" name="@BeforeSuite DbConnection" time="0.0">
    <ignored/>
  </testcase> <!-- @BeforeSuite DbConnection -->
</testsuite> <!-- Test -->
