<?xml version="1.0" encoding="UTF-8"?>
<!-- Generated by org.testng.reporters.JUnitXMLReporter -->
<testsuite ignored="2" hostname="DESKTOP-O9ONIV6" failures="0" tests="2" name="Test1" time="59.9" errors="0" timestamp="2021-12-27T13:24:16 IST">
  <testcase classname="practice.CreateOrgTestNg" name="CreateOrgTest" time="19.155"/>
  <testcase classname="practice.CreateContactTestng" name="CreateContactTestng1" time="14.671"/>
  <testcase classname="com.crm.Autodesk.genericutility.BaseClass" name="@AfterSuite CloseDbConnection" time="0.0">
    <ignored/>
  </testcase> <!-- @AfterSuite CloseDbConnection -->
  <testcase classname="com.crm.Autodesk.genericutility.BaseClass" name="@BeforeSuite DbConnection" time="0.0">
    <ignored/>
  </testcase> <!-- @BeforeSuite DbConnection -->
</testsuite> <!-- Test1 -->
